[debug] [2024-03-10T15:56:14.875Z] ----------------------------------------------------------------------
[debug] [2024-03-10T15:56:14.880Z] Command:       C:\Program Files\nodejs\node.exe C:\Users\folio\AppData\Roaming\npm\node_modules\firebase-tools\lib\bin\firebase.js init
[debug] [2024-03-10T15:56:14.880Z] CLI Version:   13.4.1
[debug] [2024-03-10T15:56:14.881Z] Platform:      win32
[debug] [2024-03-10T15:56:14.881Z] Node Version:  v20.10.0
[debug] [2024-03-10T15:56:14.881Z] Time:          Sun Mar 10 2024 18:56:14 GMT+0300 (East Africa Time)
[debug] [2024-03-10T15:56:14.881Z] ----------------------------------------------------------------------
[debug] 
[debug] [2024-03-10T15:56:14.887Z] >>> [apiv2][query] GET https://firebase-public.firebaseio.com/cli.json [none]
[debug] [2024-03-10T15:56:14.968Z] > command requires scopes: ["email","openid","https://www.googleapis.com/auth/cloudplatformprojects.readonly","https://www.googleapis.com/auth/firebase","https://www.googleapis.com/auth/cloud-platform"]
[debug] [2024-03-10T15:56:14.969Z] > authorizing via signed-in user (wangaimoses003@gmail.com)
[info] 
     ######## #### ########  ######## ########     ###     ######  ########
     ##        ##  ##     ## ##       ##     ##  ##   ##  ##       ##
     ######    ##  ########  ######   ########  #########  ######  ######
     ##        ##  ##    ##  ##       ##     ## ##     ##       ## ##
     ##       #### ##     ## ######## ########  ##     ##  ######  ########

You're about to initialize a Firebase project in this directory:

  C:\Users\folio\Desktop\pandacoinweb3

[debug] [2024-03-10T15:56:15.845Z] <<< [apiv2][status] GET https://firebase-public.firebaseio.com/cli.json 200
[debug] [2024-03-10T15:56:15.846Z] <<< [apiv2][body] GET https://firebase-public.firebaseio.com/cli.json {"cloudBuildErrorAfter":1594252800000,"cloudBuildWarnAfter":1590019200000,"defaultNode10After":1594252800000,"minVersion":"3.0.5","node8DeploysDisabledAfter":1613390400000,"node8RuntimeDisabledAfter":1615809600000,"node8WarnAfter":1600128000000}
[info] 
=== Project Setup
[info] 
[info] First, let's associate this project directory with a Firebase project.
[info] You can create multiple project aliases by running firebase use --add, 
[info] but for now we'll just set up a default project.
[info] 
[debug] [2024-03-10T15:57:46.064Z] > refreshing access token with scopes: []
[debug] [2024-03-10T15:57:46.066Z] >>> [apiv2][query] POST https://www.googleapis.com/oauth2/v3/token [none]
[debug] [2024-03-10T15:57:46.066Z] >>> [apiv2][body] POST https://www.googleapis.com/oauth2/v3/token [omitted]
[debug] [2024-03-10T15:57:46.576Z] <<< [apiv2][status] POST https://www.googleapis.com/oauth2/v3/token 200
[debug] [2024-03-10T15:57:46.577Z] <<< [apiv2][body] POST https://www.googleapis.com/oauth2/v3/token [omitted]
[debug] [2024-03-10T15:57:46.665Z] >>> [apiv2][query] GET https://firebase.googleapis.com/v1beta1/projects pageSize=100
[debug] [2024-03-10T15:57:47.463Z] <<< [apiv2][status] GET https://firebase.googleapis.com/v1beta1/projects 200
[debug] [2024-03-10T15:57:47.464Z] <<< [apiv2][body] GET https://firebase.googleapis.com/v1beta1/projects [omitted]
[info] i  Using project daada-utility (Daada Utility) 
[info] 
=== Hosting Setup
[debug] [2024-03-10T15:57:50.306Z] >>> [apiv2][query] GET https://firebase.googleapis.com/v1beta1/projects/daada-utility [none]
[debug] [2024-03-10T15:57:50.636Z] <<< [apiv2][status] GET https://firebase.googleapis.com/v1beta1/projects/daada-utility 200
[debug] [2024-03-10T15:57:50.637Z] <<< [apiv2][body] GET https://firebase.googleapis.com/v1beta1/projects/daada-utility {"projectId":"daada-utility","projectNumber":"302623389892","displayName":"Daada Utility","name":"projects/daada-utility","resources":{"hostingSite":"daada-utility"},"state":"ACTIVE","etag":"1_314fcbb4-2338-4124-ac43-e0ad30c84de3"}
[info] 
[info] Your public directory is the folder (relative to your project directory) that
[info] will contain Hosting assets to be uploaded with firebase deploy. If you
[info] have a build process for your assets, use your build's output directory.
[info] 
[info] +  Wrote public/404.html 
[debug] [2024-03-10T15:58:28.728Z] >>> [apiv2][query] GET https://www.gstatic.com/firebasejs/releases.json [none]
[debug] [2024-03-10T15:58:29.276Z] <<< [apiv2][status] GET https://www.gstatic.com/firebasejs/releases.json 200
[debug] [2024-03-10T15:58:29.277Z] <<< [apiv2][body] GET https://www.gstatic.com/firebasejs/releases.json {"current":{"version":"10.8.1","browserURL":"https://www.gstatic.com/firebasejs/10.8.1/firebase.js","packageURL":"https://www.gstatic.com/firebasejs/10.8.1/firebase.tgz"},"live":{"version":"10.8","browserURL":"https://www.gstatic.com/firebasejs/live/10.8/firebase.js","packageURL":"https://www.gstatic.com/firebasejs/live/10.8/firebase.tgz"},"components":{"analytics":"https://www.gstatic.com/firebasejs/10.8.1/firebase-analytics.js","app":"https://www.gstatic.com/firebasejs/10.8.1/firebase-app.js","app-check":"https://www.gstatic.com/firebasejs/10.8.1/firebase-app-check.js","auth":"https://www.gstatic.com/firebasejs/10.8.1/firebase-auth.js","auth/cordova":"https://www.gstatic.com/firebasejs/10.8.1/firebase-auth/cordova.js","auth/web-extension":"https://www.gstatic.com/firebasejs/10.8.1/firebase-auth/web-extension.js","functions":"https://www.gstatic.com/firebasejs/10.8.1/firebase-functions.js","firestore":"https://www.gstatic.com/firebasejs/10.8.1/firebase-firestore.js","firestore/lite":"https://www.gstatic.com/firebasejs/10.8.1/firebase-firestore/lite.js","installations":"https://www.gstatic.com/firebasejs/10.8.1/firebase-installations.js","storage":"https://www.gstatic.com/firebasejs/10.8.1/firebase-storage.js","performance":"https://www.gstatic.com/firebasejs/10.8.1/firebase-performance.js","remote-config":"https://www.gstatic.com/firebasejs/10.8.1/firebase-remote-config.js","messaging":"https://www.gstatic.com/firebasejs/10.8.1/firebase-messaging.js","messaging/sw":"https://www.gstatic.com/firebasejs/10.8.1/firebase-messaging/sw.js","database":"https://www.gstatic.com/firebasejs/10.8.1/firebase-database.js","firestore.memory":"https://www.gstatic.com/firebasejs/10.8.1/firebase-firestore.memory.js"}}
[info] +  Wrote public/index.html 
[info] 
[info] i  Detected a .git folder at C:\Users\folio\Desktop\pandacoinweb3 
[info] i  Authorizing with GitHub to upload your service account to a GitHub repository's secrets store. 
[info] 
[info] Visit this URL on this device to log in:
[info] https://github.com/login/oauth/authorize?client_id=89cf50f02ac6aaed3484&state=652140852&redirect_uri=http%3A%2F%2Flocalhost%3A9005&scope=read%3Auser%20repo%20public_repo
[info] 
[info] Waiting for authentication...
[debug] [2024-03-10T15:58:39.435Z] >>> [apiv2][query] POST https://github.com/login/oauth/access_token [none]
[debug] [2024-03-10T15:58:39.436Z] >>> [apiv2][body] POST https://github.com/login/oauth/access_token [stream]
[debug] [2024-03-10T15:58:40.568Z] <<< [apiv2][status] POST https://github.com/login/oauth/access_token 200
[debug] [2024-03-10T15:58:40.568Z] <<< [apiv2][body] POST https://github.com/login/oauth/access_token {"access_token":"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","token_type":"bearer","scope":"read:user,repo"}
[debug] [2024-03-10T15:58:40.618Z] >>> [apiv2][query] GET https://api.github.com/user [none]
[debug] [2024-03-10T15:58:42.087Z] <<< [apiv2][status] GET https://api.github.com/user 200
[debug] [2024-03-10T15:58:42.087Z] <<< [apiv2][body] GET https://api.github.com/user {"login":"wangai003","id":117511013,"node_id":"U_kgDOBwETZQ","avatar_url":"https://avatars.githubusercontent.com/u/117511013?v=4","gravatar_id":"","url":"https://api.github.com/users/wangai003","html_url":"https://github.com/wangai003","followers_url":"https://api.github.com/users/wangai003/followers","following_url":"https://api.github.com/users/wangai003/following{/other_user}","gists_url":"https://api.github.com/users/wangai003/gists{/gist_id}","starred_url":"https://api.github.com/users/wangai003/starred{/owner}{/repo}","subscriptions_url":"https://api.github.com/users/wangai003/subscriptions","organizations_url":"https://api.github.com/users/wangai003/orgs","repos_url":"https://api.github.com/users/wangai003/repos","events_url":"https://api.github.com/users/wangai003/events{/privacy}","received_events_url":"https://api.github.com/users/wangai003/received_events","type":"User","site_admin":false,"name":null,"company":null,"blog":"","location":null,"email":null,"hireable":null,"bio":null,"twitter_username":null,"public_repos":27,"public_gists":0,"followers":0,"following":1,"created_at":"2022-11-05T09:05:24Z","updated_at":"2024-03-08T11:37:52Z","private_gists":0,"total_private_repos":2,"owned_private_repos":1,"disk_usage":28779,"collaborators":1,"two_factor_authentication":false,"plan":{"name":"free","space":976562499,"collaborators":0,"private_repos":10000}}
[info] 
[info] +  Success! Logged into GitHub as wangai003 
[info] 
